{"numFailedTestSuites":0,"numFailedTests":0,"numPassedTestSuites":5,"numPassedTests":180,"numPendingTestSuites":0,"numPendingTests":0,"numRuntimeErrorTestSuites":0,"numTodoTests":0,"numTotalTestSuites":5,"numTotalTests":180,"openHandles":[],"snapshot":{"added":0,"didUpdate":false,"failure":false,"filesAdded":0,"filesRemoved":0,"filesRemovedList":[],"filesUnmatched":0,"filesUpdated":0,"matched":0,"total":0,"unchecked":0,"uncheckedKeysByFile":[],"unmatched":0,"updated":0},"startTime":1790130911913,"success":true,"testResults":[{"assertionResults":[{"ancestorTitles":[],"duration":62,"failureDetails":[],"failureMessages":[],"fullName":"owns list query then gates it in calendar mode","invocations":1,"location":null,"numPassingAsserts":3,"retryReasons":[],"status":"passed","title":"owns list query then gates it in calendar mode"},{"ancestorTitles":[],"duration":14,"failureDetails":[],"failureMessages":[],"fullName":"returns native navigation as a close result","invocations":1,"location":null,"numPassingAsserts":1,"retryReasons":[],"status":"passed","title":"returns native navigation as a close result"},{"ancestorTitles":[],"duration":2537,"failureDetails":[],"failureMessages":[],"fullName":"loads 1100 records through explicit continuation without false exact counts","invocations":1,"location":null,"numPassingAsserts":5,"retryReasons":[],"status":"passed","title":"loads 1100 records through explicit continuation without false exact counts"},{"ancestorTitles":[],"duration":11,"failureDetails":[],"failureMessages":[],"fullName":"uses a table in a wide container and cards when narrow","invocations":1,"location":null,"numPassingAsserts":4,"retryReasons":[],"status":"passed","title":"uses a table in a wide container and cards when narrow"},{"ancestorTitles":[],"duration":4,"failureDetails":[],"failureMessages":[],"fullName":"does not dispatch summary events from LightningModal (Locker regression)","invocations":1,"location":null,"numPassingAsserts":2,"retryReasons":[],"status":"passed","title":"does not dispatch summary events from LightningModal (Locker regression)"}],"endTime":1790130915330,"message":"","name":"/Users/arunkumar/Gartner MyMeeting/force-app/main/default/lwc/homepageViewAllMeetings/__tests__/modal.test.js","startTime":1790130912453,"status":"passed","summary":""},{"assertionResults":[{"ancestorTitles":["today eligibility parity"],"duration":1,"failureDetails":[],"failureMessages":[],"fullName":"today eligibility parity accepts exact Scheduled status and both record types","invocations":1,"location":null,"numPassingAsserts":2,"retryReasons":[],"status":"passed","title":"accepts exact Scheduled status and both record types"},{"ancestorTitles":["today eligibility parity"],"duration":0,"failureDetails":[],"failureMessages":[],"fullName":"today eligibility parity accepts exact Rescheduling status and both record types","invocations":1,"location":null,"numPassingAsserts":2,"retryReasons":[],"status":"passed","title":"accepts exact Rescheduling status and both record types"},{"ancestorTitles":["today eligibility parity"],"duration":1,"failureDetails":[],"failureMessages":[],"fullName":"today eligibility parity rejects Cancelled status","invocations":1,"location":null,"numPassingAsserts":1,"retryReasons":[],"status":"passed","title":"rejects Cancelled status"},{"ancestorTitles":["today eligibility parity"],"duration":0,"failureDetails":[],"failureMessages":[],"fullName":"today eligibility parity rejects Completed status","invocations":1,"location":null,"numPassingAsserts":1,"retryReasons":[],"status":"passed","title":"rejects Completed status"},{"ancestorTitles":["today eligibility parity"],"duration":0,"failureDetails":[],"failureMessages":[],"fullName":"today eligibility parity rejects scheduled status","invocations":1,"location":null,"numPassingAsserts":1,"retryReasons":[],"status":"passed","title":"rejects scheduled status"},{"ancestorTitles":["today eligibility parity"],"duration":1,"failureDetails":[],"failureMessages":[],"fullName":"today eligibility parity rejects  status","invocations":1,"location":null,"numPassingAsserts":1,"retryReasons":[],"status":"passed","title":"rejects  status"},{"ancestorTitles":["today eligibility parity"],"duration":0,"failureDetails":[],"failureMessages":[],"fullName":"today eligibility parity rejects unqualified What null","invocations":1,"location":null,"numPassingAsserts":1,"retryReasons":[],"status":"passed","title":"rejects unqualified What null"},{"ancestorTitles":["today eligibility parity"],"duration":0,"failureDetails":[],"failureMessages":[],"fullName":"today eligibility parity rejects unqualified What {}","invocations":1,"location":null,"numPassingAsserts":1,"retryReasons":[],"status":"passed","title":"rejects unqualified What {}"},{"ancestorTitles":["today eligibility parity"],"duration":0,"failureDetails":[],"failureMessages":[],"fullName":"today eligibility parity rejects unqualified What {\"Id\":\"001000000000001AAA\",\"Name\":{\"value\":\"Account\"}}","invocations":1,"location":null,"numPassingAsserts":1,"retryReasons":[],"status":"passed","title":"rejects unqualified What {\"Id\":\"001000000000001AAA\",\"Name\":{\"value\":\"Account\"}}"},{"ancestorTitles":["today eligibility parity"],"duration":1,"failureDetails":[],"failureMessages":[],"fullName":"today eligibility parity rejects unqualified What {\"Id\":\"006000000000001AAA\",\"RecordTypeId\":{\"value\":\"012000000000099AAA\"}}","invocations":1,"location":null,"numPassingAsserts":1,"retryReasons":[],"status":"passed","title":"rejects unqualified What {\"Id\":\"006000000000001AAA\",\"RecordTypeId\":{\"value\":\"012000000000099AAA\"}}"},{"ancestorTitles":["today eligibility parity"],"duration":3,"failureDetails":[],"failureMessages":[],"fullName":"today eligibility parity excludes different owner, invalid end and denied mandatory fields","invocations":1,"location":null,"numPassingAsserts":5,"retryReasons":[],"status":"passed","title":"excludes different owner, invalid end and denied mandatory fields"},{"ancestorTitles":["today eligibility parity"],"duration":0,"failureDetails":[],"failureMessages":[],"fullName":"today eligibility parity keeps null distinct from inaccessible optional fields and primary person coverage honest","invocations":1,"location":null,"numPassingAsserts":3,"retryReasons":[],"status":"passed","title":"keeps null distinct from inaccessible optional fields and primary person coverage honest"},{"ancestorTitles":["today eligibility parity"],"duration":0,"failureDetails":[],"failureMessages":[],"fullName":"today eligibility parity handles exact expiry and zero-duration future events","invocations":1,"location":null,"numPassingAsserts":3,"retryReasons":[],"status":"passed","title":"handles exact expiry and zero-duration future events"},{"ancestorTitles":["today eligibility parity"],"duration":1,"failureDetails":[],"failureMessages":[],"fullName":"today eligibility parity assigns zero-duration midnight, cross-midnight and exclusive end to correct days","invocations":1,"location":null,"numPassingAsserts":3,"retryReasons":[],"status":"passed","title":"assigns zero-duration midnight, cross-midnight and exclusive end to correct days"},{"ancestorTitles":["today eligibility parity"],"duration":0,"failureDetails":[],"failureMessages":[],"fullName":"today eligibility parity keeps all-day dates stable across positive and negative zones","invocations":1,"location":null,"numPassingAsserts":4,"retryReasons":[],"status":"passed","title":"keeps all-day dates stable across positive and negative zones"},{"ancestorTitles":["today eligibility parity"],"duration":2,"failureDetails":[],"failureMessages":[],"fullName":"today eligibility parity matches a timezone-library oracle for America/New_York 2026-03-08","invocations":1,"location":null,"numPassingAsserts":1,"retryReasons":[],"status":"passed","title":"matches a timezone-library oracle for America/New_York 2026-03-08"},{"ancestorTitles":["today eligibility parity"],"duration":1,"failureDetails":[],"failureMessages":[],"fullName":"today eligibility parity matches a timezone-library oracle for America/New_York 2026-11-01","invocations":1,"location":null,"numPassingAsserts":1,"retryReasons":[],"status":"passed","title":"matches a timezone-library oracle for America/New_York 2026-11-01"},{"ancestorTitles":["today eligibility parity"],"duration":1,"failureDetails":[],"failureMessages":[],"fullName":"today eligibility parity matches a timezone-library oracle for Asia/Kathmandu 2026-09-22","invocations":1,"location":null,"numPassingAsserts":1,"retryReasons":[],"status":"passed","title":"matches a timezone-library oracle for Asia/Kathmandu 2026-09-22"},{"ancestorTitles":["today eligibility parity"],"duration":0,"failureDetails":[],"failureMessages":[],"fullName":"today eligibility parity matches a timezone-library oracle for Australia/Lord_Howe 2026-10-04","invocations":1,"location":null,"numPassingAsserts":1,"retryReasons":[],"status":"passed","title":"matches a timezone-library oracle for Australia/Lord_Howe 2026-10-04"},{"ancestorTitles":["today eligibility parity"],"duration":1,"failureDetails":[],"failureMessages":[],"fullName":"today eligibility parity matches a timezone-library oracle for America/Havana 2026-03-08","invocations":1,"location":null,"numPassingAsserts":1,"retryReasons":[],"status":"passed","title":"matches a timezone-library oracle for America/Havana 2026-03-08"},{"ancestorTitles":["today eligibility parity"],"duration":1,"failureDetails":[],"failureMessages":[],"fullName":"today eligibility parity validates external destinations exactly","invocations":1,"location":null,"numPassingAsserts":6,"retryReasons":[],"status":"passed","title":"validates external destinations exactly"},{"ancestorTitles":["today eligibility parity"],"duration":0,"failureDetails":[],"failureMessages":[],"fullName":"today eligibility parity preserves distinct recurrence/child identities without synthesizing occurrences","invocations":1,"location":null,"numPassingAsserts":1,"retryReasons":[],"status":"passed","title":"preserves distinct recurrence/child identities without synthesizing occurrences"},{"ancestorTitles":["tomorrow eligibility parity"],"duration":1,"failureDetails":[],"failureMessages":[],"fullName":"tomorrow eligibility parity accepts exact Scheduled status and both record types","invocations":1,"location":null,"numPassingAsserts":2,"retryReasons":[],"status":"passed","title":"accepts exact Scheduled status and both record types"},{"ancestorTitles":["tomorrow eligibility parity"],"duration":0,"failureDetails":[],"failureMessages":[],"fullName":"tomorrow eligibility parity accepts exact Rescheduling status and both record types","invocations":1,"location":null,"numPassingAsserts":2,"retryReasons":[],"status":"passed","title":"accepts exact Rescheduling status and both record types"},{"ancestorTitles":["tomorrow eligibility parity"],"duration":0,"failureDetails":[],"failureMessages":[],"fullName":"tomorrow eligibility parity rejects Cancelled status","invocations":1,"location":null,"numPassingAsserts":1,"retryReasons":[],"status":"passed","title":"rejects Cancelled status"},{"ancestorTitles":["tomorrow eligibility parity"],"duration":0,"failureDetails":[],"failureMessages":[],"fullName":"tomorrow eligibility parity rejects Completed status","invocations":1,"location":null,"numPassingAsserts":1,"retryReasons":[],"status":"passed","title":"rejects Completed status"},{"ancestorTitles":["tomorrow eligibility parity"],"duration":1,"failureDetails":[],"failureMessages":[],"fullName":"tomorrow eligibility parity rejects scheduled status","invocations":1,"location":null,"numPassingAsserts":1,"retryReasons":[],"status":"passed","title":"rejects scheduled status"},{"ancestorTitles":["tomorrow eligibility parity"],"duration":0,"failureDetails":[],"failureMessages":[],"fullName":"tomorrow eligibility parity rejects  status","invocations":1,"location":null,"numPassingAsserts":1,"retryReasons":[],"status":"passed","title":"rejects  status"},{"ancestorTitles":["tomorrow eligibility parity"],"duration":0,"failureDetails":[],"failureMessages":[],"fullName":"tomorrow eligibility parity rejects unqualified What null","invocations":1,"location":null,"numPassingAsserts":1,"retryReasons":[],"status":"passed","title":"rejects unqualified What null"},{"ancestorTitles":["tomorrow eligibility parity"],"duration":0,"failureDetails":[],"failureMessages":[],"fullName":"tomorrow eligibility parity rejects unqualified What {}","invocations":1,"location":null,"numPassingAsserts":1,"retryReasons":[],"status":"passed","title":"rejects unqualified What {}"},{"ancestorTitles":["tomorrow eligibility parity"],"duration":0,"failureDetails":[],"failureMessages":[],"fullName":"tomorrow eligibility parity rejects unqualified What {\"Id\":\"001000000000001AAA\",\"Name\":{\"value\":\"Account\"}}","invocations":1,"location":null,"numPassingAsserts":1,"retryReasons":[],"status":"passed","title":"rejects unqualified What {\"Id\":\"001000000000001AAA\",\"Name\":{\"value\":\"Account\"}}"},{"ancestorTitles":["tomorrow eligibility parity"],"duration":1,"failureDetails":[],"failureMessages":[],"fullName":"tomorrow eligibility parity rejects unqualified What {\"Id\":\"006000000000001AAA\",\"RecordTypeId\":{\"value\":\"012000000000099AAA\"}}","invocations":1,"location":null,"numPassingAsserts":1,"retryReasons":[],"status":"passed","title":"rejects unqualified What {\"Id\":\"006000000000001AAA\",\"RecordTypeId\":{\"value\":\"012000000000099AAA\"}}"},{"ancestorTitles":["tomorrow eligibility parity"],"duration":0,"failureDetails":[],"failureMessages":[],"fullName":"tomorrow eligibility parity excludes different owner, invalid end and denied mandatory fields","invocations":1,"location":null,"numPassingAsserts":5,"retryReasons":[],"status":"passed","title":"excludes different owner, invalid end and denied mandatory fields"},{"ancestorTitles":["tomorrow eligibility parity"],"duration":0,"failureDetails":[],"failureMessages":[],"fullName":"tomorrow eligibility parity keeps null distinct from inaccessible optional fields and primary person coverage honest","invocations":1,"location":null,"numPassingAsserts":3,"retryReasons":[],"status":"passed","title":"keeps null distinct from inaccessible optional fields and primary person coverage honest"},{"ancestorTitles":["tomorrow eligibility parity"],"duration":0,"failureDetails":[],"failureMessages":[],"fullName":"tomorrow eligibility parity handles exact expiry and zero-duration future events","invocations":1,"location":null,"numPassingAsserts":3,"retryReasons":[],"status":"passed","title":"handles exact expiry and zero-duration future events"},{"ancestorTitles":["tomorrow eligibility parity"],"duration":1,"failureDetails":[],"failureMessages":[],"fullName":"tomorrow eligibility parity assigns zero-duration midnight, cross-midnight and exclusive end to correct days","invocations":1,"location":null,"numPassingAsserts":3,"retryReasons":[],"status":"passed","title":"assigns zero-duration midnight, cross-midnight and exclusive end to correct days"},{"ancestorTitles":["tomorrow eligibility parity"],"duration":0,"failureDetails":[],"failureMessages":[],"fullName":"tomorrow eligibility parity keeps all-day dates stable across positive and negative zones","invocations":1,"location":null,"numPassingAsserts":4,"retryReasons":[],"status":"passed","title":"keeps all-day dates stable across positive and negative zones"},{"ancestorTitles":["tomorrow eligibility parity"],"duration":1,"failureDetails":[],"failureMessages":[],"fullName":"tomorrow eligibility parity matches a timezone-library oracle for America/New_York 2026-03-08","invocations":1,"location":null,"numPassingAsserts":1,"retryReasons":[],"status":"passed","title":"matches a timezone-library oracle for America/New_York 2026-03-08"},{"ancestorTitles":["tomorrow eligibility parity"],"duration":0,"failureDetails":[],"failureMessages":[],"fullName":"tomorrow eligibility parity matches a timezone-library oracle for America/New_York 2026-11-01","invocations":1,"location":null,"numPassingAsserts":1,"retryReasons":[],"status":"passed","title":"matches a timezone-library oracle for America/New_York 2026-11-01"},{"ancestorTitles":["tomorrow eligibility parity"],"duration":0,"failureDetails":[],"failureMessages":[],"fullName":"tomorrow eligibility parity matches a timezone-library oracle for Asia/Kathmandu 2026-09-22","invocations":1,"location":null,"numPassingAsserts":1,"retryReasons":[],"status":"passed","title":"matches a timezone-library oracle for Asia/Kathmandu 2026-09-22"},{"ancestorTitles":["tomorrow eligibility parity"],"duration":1,"failureDetails":[],"failureMessages":[],"fullName":"tomorrow eligibility parity matches a timezone-library oracle for Australia/Lord_Howe 2026-10-04","invocations":1,"location":null,"numPassingAsserts":1,"retryReasons":[],"status":"passed","title":"matches a timezone-library oracle for Australia/Lord_Howe 2026-10-04"},{"ancestorTitles":["tomorrow eligibility parity"],"duration":0,"failureDetails":[],"failureMessages":[],"fullName":"tomorrow eligibility parity matches a timezone-library oracle for America/Havana 2026-03-08","invocations":1,"location":null,"numPassingAsserts":1,"retryReasons":[],"status":"passed","title":"matches a timezone-library oracle for America/Havana 2026-03-08"},{"ancestorTitles":["tomorrow eligibility parity"],"duration":1,"failureDetails":[],"failureMessages":[],"fullName":"tomorrow eligibility parity validates external destinations exactly","invocations":1,"location":null,"numPassingAsserts":6,"retryReasons":[],"status":"passed","title":"validates external destinations exactly"},{"ancestorTitles":["tomorrow eligibility parity"],"duration":1,"failureDetails":[],"failureMessages":[],"fullName":"tomorrow eligibility parity preserves distinct recurrence/child identities without synthesizing occurrences","invocations":1,"location":null,"numPassingAsserts":1,"retryReasons":[],"status":"passed","title":"preserves distinct recurrence/child identities without synthesizing occurrences"},{"ancestorTitles":["modal eligibility parity"],"duration":0,"failureDetails":[],"failureMessages":[],"fullName":"modal eligibility parity accepts exact Scheduled status and both record types","invocations":1,"location":null,"numPassingAsserts":2,"retryReasons":[],"status":"passed","title":"accepts exact Scheduled status and both record types"},{"ancestorTitles":["modal eligibility parity"],"duration":0,"failureDetails":[],"failureMessages":[],"fullName":"modal eligibility parity accepts exact Rescheduling status and both record types","invocations":1,"location":null,"numPassingAsserts":2,"retryReasons":[],"status":"passed","title":"accepts exact Rescheduling status and both record types"},{"ancestorTitles":["modal eligibility parity"],"duration":0,"failureDetails":[],"failureMessages":[],"fullName":"modal eligibility parity rejects Cancelled status","invocations":1,"location":null,"numPassingAsserts":1,"retryReasons":[],"status":"passed","title":"rejects Cancelled status"},{"ancestorTitles":["modal eligibility parity"],"duration":0,"failureDetails":[],"failureMessages":[],"fullName":"modal eligibility parity rejects Completed status","invocations":1,"location":null,"numPassingAsserts":1,"retryReasons":[],"status":"passed","title":"rejects Completed status"},{"ancestorTitles":["modal eligibility parity"],"duration":0,"failureDetails":[],"failureMessages":[],"fullName":"modal eligibility parity rejects scheduled status","invocations":1,"location":null,"numPassingAsserts":1,"retryReasons":[],"status":"passed","title":"rejects scheduled status"},{"ancestorTitles":["modal eligibility parity"],"duration":1,"failureDetails":[],"failureMessages":[],"fullName":"modal eligibility parity rejects  status","invocations":1,"location":null,"numPassingAsserts":1,"retryReasons":[],"status":"passed","title":"rejects  status"},{"ancestorTitles":["modal eligibility parity"],"duration":0,"failureDetails":[],"failureMessages":[],"fullName":"modal eligibility parity rejects unqualified What null","invocations":1,"location":null,"numPassingAsserts":1,"retryReasons":[],"status":"passed","title":"rejects unqualified What null"},{"ancestorTitles":["modal eligibility parity"],"duration":0,"failureDetails":[],"failureMessages":[],"fullName":"modal eligibility parity rejects unqualified What {}","invocations":1,"location":null,"numPassingAsserts":1,"retryReasons":[],"status":"passed","title":"rejects unqualified What {}"},{"ancestorTitles":["modal eligibility parity"],"duration":0,"failureDetails":[],"failureMessages":[],"fullName":"modal eligibility parity rejects unqualified What {\"Id\":\"001000000000001AAA\",\"Name\":{\"value\":\"Account\"}}","invocations":1,"location":null,"numPassingAsserts":1,"retryReasons":[],"status":"passed","title":"rejects unqualified What {\"Id\":\"001000000000001AAA\",\"Name\":{\"value\":\"Account\"}}"},{"ancestorTitles":["modal eligibility parity"],"duration":0,"failureDetails":[],"failureMessages":[],"fullName":"modal eligibility parity rejects unqualified What {\"Id\":\"006000000000001AAA\",\"RecordTypeId\":{\"value\":\"012000000000099AAA\"}}","invocations":1,"location":null,"numPassingAsserts":1,"retryReasons":[],"status":"passed","title":"rejects unqualified What {\"Id\":\"006000000000001AAA\",\"RecordTypeId\":{\"value\":\"012000000000099AAA\"}}"},{"ancestorTitles":["modal eligibility parity"],"duration":0,"failureDetails":[],"failureMessages":[],"fullName":"modal eligibility parity excludes different owner, invalid end and denied mandatory fields","invocations":1,"location":null,"numPassingAsserts":5,"retryReasons":[],"status":"passed","title":"excludes different owner, invalid end and denied mandatory fields"},{"ancestorTitles":["modal eligibility parity"],"duration":1,"failureDetails":[],"failureMessages":[],"fullName":"modal eligibility parity keeps null distinct from inaccessible optional fields and primary person coverage honest","invocations":1,"location":null,"numPassingAsserts":3,"retryReasons":[],"status":"passed","title":"keeps null distinct from inaccessible optional fields and primary person coverage honest"},{"ancestorTitles":["modal eligibility parity"],"duration":0,"failureDetails":[],"failureMessages":[],"fullName":"modal eligibility parity handles exact expiry and zero-duration future events","invocations":1,"location":null,"numPassingAsserts":3,"retryReasons":[],"status":"passed","title":"handles exact expiry and zero-duration future events"},{"ancestorTitles":["modal eligibility parity"],"duration":2,"failureDetails":[],"failureMessages":[],"fullName":"modal eligibility parity assigns zero-duration midnight, cross-midnight and exclusive end to correct days","invocations":1,"location":null,"numPassingAsserts":3,"retryReasons":[],"status":"passed","title":"assigns zero-duration midnight, cross-midnight and exclusive end to correct days"},{"ancestorTitles":["modal eligibility parity"],"duration":0,"failureDetails":[],"failureMessages":[],"fullName":"modal eligibility parity keeps all-day dates stable across positive and negative zones","invocations":1,"location":null,"numPassingAsserts":4,"retryReasons":[],"status":"passed","title":"keeps all-day dates stable across positive and negative zones"},{"ancestorTitles":["modal eligibility parity"],"duration":1,"failureDetails":[],"failureMessages":[],"fullName":"modal eligibility parity matches a timezone-library oracle for America/New_York 2026-03-08","invocations":1,"location":null,"numPassingAsserts":1,"retryReasons":[],"status":"passed","title":"matches a timezone-library oracle for America/New_York 2026-03-08"},{"ancestorTitles":["modal eligibility parity"],"duration":0,"failureDetails":[],"failureMessages":[],"fullName":"modal eligibility parity matches a timezone-library oracle for America/New_York 2026-11-01","invocations":1,"location":null,"numPassingAsserts":1,"retryReasons":[],"status":"passed","title":"matches a timezone-library oracle for America/New_York 2026-11-01"},{"ancestorTitles":["modal eligibility parity"],"duration":0,"failureDetails":[],"failureMessages":[],"fullName":"modal eligibility parity matches a timezone-library oracle for Asia/Kathmandu 2026-09-22","invocations":1,"location":null,"numPassingAsserts":1,"retryReasons":[],"status":"passed","title":"matches a timezone-library oracle for Asia/Kathmandu 2026-09-22"},{"ancestorTitles":["modal eligibility parity"],"duration":1,"failureDetails":[],"failureMessages":[],"fullName":"modal eligibility parity matches a timezone-library oracle for Australia/Lord_Howe 2026-10-04","invocations":1,"location":null,"numPassingAsserts":1,"retryReasons":[],"status":"passed","title":"matches a timezone-library oracle for Australia/Lord_Howe 2026-10-04"},{"ancestorTitles":["modal eligibility parity"],"duration":0,"failureDetails":[],"failureMessages":[],"fullName":"modal eligibility parity matches a timezone-library oracle for America/Havana 2026-03-08","invocations":1,"location":null,"numPassingAsserts":1,"retryReasons":[],"status":"passed","title":"matches a timezone-library oracle for America/Havana 2026-03-08"},{"ancestorTitles":["modal eligibility parity"],"duration":1,"failureDetails":[],"failureMessages":[],"fullName":"modal eligibility parity validates external destinations exactly","invocations":1,"location":null,"numPassingAsserts":6,"retryReasons":[],"status":"passed","title":"validates external destinations exactly"},{"ancestorTitles":["modal eligibility parity"],"duration":0,"failureDetails":[],"failureMessages":[],"fullName":"modal eligibility parity preserves distinct recurrence/child identities without synthesizing occurrences","invocations":1,"location":null,"numPassingAsserts":1,"retryReasons":[],"status":"passed","title":"preserves distinct recurrence/child identities without synthesizing occurrences"},{"ancestorTitles":["calendar eligibility parity"],"duration":0,"failureDetails":[],"failureMessages":[],"fullName":"calendar eligibility parity accepts exact Scheduled status and both record types","invocations":1,"location":null,"numPassingAsserts":2,"retryReasons":[],"status":"passed","title":"accepts exact Scheduled status and both record types"},{"ancestorTitles":["calendar eligibility parity"],"duration":1,"failureDetails":[],"failureMessages":[],"fullName":"calendar eligibility parity accepts exact Rescheduling status and both record types","invocations":1,"location":null,"numPassingAsserts":2,"retryReasons":[],"status":"passed","title":"accepts exact Rescheduling status and both record types"},{"ancestorTitles":["calendar eligibility parity"],"duration":0,"failureDetails":[],"failureMessages":[],"fullName":"calendar eligibility parity rejects Cancelled status","invocations":1,"location":null,"numPassingAsserts":1,"retryReasons":[],"status":"passed","title":"rejects Cancelled status"},{"ancestorTitles":["calendar eligibility parity"],"duration":0,"failureDetails":[],"failureMessages":[],"fullName":"calendar eligibility parity rejects Completed status","invocations":1,"location":null,"numPassingAsserts":1,"retryReasons":[],"status":"passed","title":"rejects Completed status"},{"ancestorTitles":["calendar eligibility parity"],"duration":0,"failureDetails":[],"failureMessages":[],"fullName":"calendar eligibility parity rejects scheduled status","invocations":1,"location":null,"numPassingAsserts":1,"retryReasons":[],"status":"passed","title":"rejects scheduled status"},{"ancestorTitles":["calendar eligibility parity"],"duration":0,"failureDetails":[],"failureMessages":[],"fullName":"calendar eligibility parity rejects  status","invocations":1,"location":null,"numPassingAsserts":1,"retryReasons":[],"status":"passed","title":"rejects  status"},{"ancestorTitles":["calendar eligibility parity"],"duration":0,"failureDetails":[],"failureMessages":[],"fullName":"calendar eligibility parity rejects unqualified What null","invocations":1,"location":null,"numPassingAsserts":1,"retryReasons":[],"status":"passed","title":"rejects unqualified What null"},{"ancestorTitles":["calendar eligibility parity"],"duration":0,"failureDetails":[],"failureMessages":[],"fullName":"calendar eligibility parity rejects unqualified What {}","invocations":1,"location":null,"numPassingAsserts":1,"retryReasons":[],"status":"passed","title":"rejects unqualified What {}"},{"ancestorTitles":["calendar eligibility parity"],"duration":1,"failureDetails":[],"failureMessages":[],"fullName":"calendar eligibility parity rejects unqualified What {\"Id\":\"001000000000001AAA\",\"Name\":{\"value\":\"Account\"}}","invocations":1,"location":null,"numPassingAsserts":1,"retryReasons":[],"status":"passed","title":"rejects unqualified What {\"Id\":\"001000000000001AAA\",\"Name\":{\"value\":\"Account\"}}"},{"ancestorTitles":["calendar eligibility parity"],"duration":0,"failureDetails":[],"failureMessages":[],"fullName":"calendar eligibility parity rejects unqualified What {\"Id\":\"006000000000001AAA\",\"RecordTypeId\":{\"value\":\"012000000000099AAA\"}}","invocations":1,"location":null,"numPassingAsserts":1,"retryReasons":[],"status":"passed","title":"rejects unqualified What {\"Id\":\"006000000000001AAA\",\"RecordTypeId\":{\"value\":\"012000000000099AAA\"}}"},{"ancestorTitles":["calendar eligibility parity"],"duration":0,"failureDetails":[],"failureMessages":[],"fullName":"calendar eligibility parity excludes different owner, invalid end and denied mandatory fields","invocations":1,"location":null,"numPassingAsserts":5,"retryReasons":[],"status":"passed","title":"excludes different owner, invalid end and denied mandatory fields"},{"ancestorTitles":["calendar eligibility parity"],"duration":0,"failureDetails":[],"failureMessages":[],"fullName":"calendar eligibility parity keeps null distinct from inaccessible optional fields and primary person coverage honest","invocations":1,"location":null,"numPassingAsserts":3,"retryReasons":[],"status":"passed","title":"keeps null distinct from inaccessible optional fields and primary person coverage honest"},{"ancestorTitles":["calendar eligibility parity"],"duration":0,"failureDetails":[],"failureMessages":[],"fullName":"calendar eligibility parity handles exact expiry and zero-duration future events","invocations":1,"location":null,"numPassingAsserts":3,"retryReasons":[],"status":"passed","title":"handles exact expiry and zero-duration future events"},{"ancestorTitles":["calendar eligibility parity"],"duration":1,"failureDetails":[],"failureMessages":[],"fullName":"calendar eligibility parity assigns zero-duration midnight, cross-midnight and exclusive end to correct days","invocations":1,"location":null,"numPassingAsserts":3,"retryReasons":[],"status":"passed","title":"assigns zero-duration midnight, cross-midnight and exclusive end to correct days"},{"ancestorTitles":["calendar eligibility parity"],"duration":0,"failureDetails":[],"failureMessages":[],"fullName":"calendar eligibility parity keeps all-day dates stable across positive and negative zones","invocations":1,"location":null,"numPassingAsserts":4,"retryReasons":[],"status":"passed","title":"keeps all-day dates stable across positive and negative zones"},{"ancestorTitles":["calendar eligibility parity"],"duration":1,"failureDetails":[],"failureMessages":[],"fullName":"calendar eligibility parity matches a timezone-library oracle for America/New_York 2026-03-08","invocations":1,"location":null,"numPassingAsserts":1,"retryReasons":[],"status":"passed","title":"matches a timezone-library oracle for America/New_York 2026-03-08"},{"ancestorTitles":["calendar eligibility parity"],"duration":0,"failureDetails":[],"failureMessages":[],"fullName":"calendar eligibility parity matches a timezone-library oracle for America/New_York 2026-11-01","invocations":1,"location":null,"numPassingAsserts":1,"retryReasons":[],"status":"passed","title":"matches a timezone-library oracle for America/New_York 2026-11-01"},{"ancestorTitles":["calendar eligibility parity"],"duration":0,"failureDetails":[],"failureMessages":[],"fullName":"calendar eligibility parity matches a timezone-library oracle for Asia/Kathmandu 2026-09-22","invocations":1,"location":null,"numPassingAsserts":1,"retryReasons":[],"status":"passed","title":"matches a timezone-library oracle for Asia/Kathmandu 2026-09-22"},{"ancestorTitles":["calendar eligibility parity"],"duration":0,"failureDetails":[],"failureMessages":[],"fullName":"calendar eligibility parity matches a timezone-library oracle for Australia/Lord_Howe 2026-10-04","invocations":1,"location":null,"numPassingAsserts":1,"retryReasons":[],"status":"passed","title":"matches a timezone-library oracle for Australia/Lord_Howe 2026-10-04"},{"ancestorTitles":["calendar eligibility parity"],"duration":1,"failureDetails":[],"failureMessages":[],"fullName":"calendar eligibility parity matches a timezone-library oracle for America/Havana 2026-03-08","invocations":1,"location":null,"numPassingAsserts":1,"retryReasons":[],"status":"passed","title":"matches a timezone-library oracle for America/Havana 2026-03-08"},{"ancestorTitles":["calendar eligibility parity"],"duration":0,"failureDetails":[],"failureMessages":[],"fullName":"calendar eligibility parity validates external destinations exactly","invocations":1,"location":null,"numPassingAsserts":6,"retryReasons":[],"status":"passed","title":"validates external destinations exactly"},{"ancestorTitles":["calendar eligibility parity"],"duration":0,"failureDetails":[],"failureMessages":[],"fullName":"calendar eligibility parity preserves distinct recurrence/child identities without synthesizing occurrences","invocations":1,"location":null,"numPassingAsserts":1,"retryReasons":[],"status":"passed","title":"preserves distinct recurrence/child identities without synthesizing occurrences"},{"ancestorTitles":["today wire and lifecycle"],"duration":8,"failureDetails":[],"failureMessages":[],"fullName":"today wire and lifecycle gates missing configuration","invocations":1,"location":null,"numPassingAsserts":2,"retryReasons":[],"status":"passed","title":"gates missing configuration"},{"ancestorTitles":["today wire and lifecycle"],"duration":2,"failureDetails":[],"failureMessages":[],"fullName":"today wire and lifecycle renders 0 records with correct compact limits","invocations":1,"location":null,"numPassingAsserts":1,"retryReasons":[],"status":"passed","title":"renders 0 records with correct compact limits"},{"ancestorTitles":["today wire and lifecycle"],"duration":6,"failureDetails":[],"failureMessages":[],"fullName":"today wire and lifecycle renders 1 records with correct compact limits","invocations":1,"location":null,"numPassingAsserts":1,"retryReasons":[],"status":"passed","title":"renders 1 records with correct compact limits"},{"ancestorTitles":["today wire and lifecycle"],"duration":4,"failureDetails":[],"failureMessages":[],"fullName":"today wire and lifecycle renders 2 records with correct compact limits","invocations":1,"location":null,"numPassingAsserts":1,"retryReasons":[],"status":"passed","title":"renders 2 records with correct compact limits"},{"ancestorTitles":["today wire and lifecycle"],"duration":6,"failureDetails":[],"failureMessages":[],"fullName":"today wire and lifecycle renders 3 records with correct compact limits","invocations":1,"location":null,"numPassingAsserts":1,"retryReasons":[],"status":"passed","title":"renders 3 records with correct compact limits"},{"ancestorTitles":["today wire and lifecycle"],"duration":5,"failureDetails":[],"failureMessages":[],"fullName":"today wire and lifecycle renders 4 records with correct compact limits","invocations":1,"location":null,"numPassingAsserts":1,"retryReasons":[],"status":"passed","title":"renders 4 records with correct compact limits"},{"ancestorTitles":["today wire and lifecycle"],"duration":4,"failureDetails":[],"failureMessages":[],"fullName":"today wire and lifecycle renders 8 records with correct compact limits","invocations":1,"location":null,"numPassingAsserts":1,"retryReasons":[],"status":"passed","title":"renders 8 records with correct compact limits"},{"ancestorTitles":["today wire and lifecycle"],"duration":3,"failureDetails":[],"failureMessages":[],"fullName":"today wire and lifecycle treats initial undefined as loading and GraphQL errors as failure, not empty","invocations":1,"location":null,"numPassingAsserts":4,"retryReasons":[],"status":"passed","title":"treats initial undefined as loading and GraphQL errors as failure, not empty"},{"ancestorTitles":["today wire and lifecycle"],"duration":4,"failureDetails":[],"failureMessages":[],"fullName":"today wire and lifecycle rejects delayed expired records and cached emissions after expiry without changing cutoff","invocations":1,"location":null,"numPassingAsserts":2,"retryReasons":[],"status":"passed","title":"rejects delayed expired records and cached emissions after expiry without changing cutoff"},{"ancestorTitles":["today wire and lifecycle"],"duration":4,"failureDetails":[],"failureMessages":[],"fullName":"today wire and lifecycle prunes on foreground before waiting for refresh","invocations":1,"location":null,"numPassingAsserts":1,"retryReasons":[],"status":"passed","title":"prunes on foreground before waiting for refresh"},{"ancestorTitles":["today wire and lifecycle"],"duration":2,"failureDetails":[],"failureMessages":[],"fullName":"today wire and lifecycle cleans timeout and listeners on disconnect","invocations":1,"location":null,"numPassingAsserts":1,"retryReasons":[],"status":"passed","title":"cleans timeout and listeners on disconnect"},{"ancestorTitles":["today wire and lifecycle"],"duration":5,"failureDetails":[],"failureMessages":[],"fullName":"today wire and lifecycle refreshes using the v2 callable and replaces collection membership","invocations":1,"location":null,"numPassingAsserts":4,"retryReasons":[],"status":"passed","title":"refreshes using the v2 callable and replaces collection membership"},{"ancestorTitles":["today wire and lifecycle"],"duration":6,"failureDetails":[],"failureMessages":[],"fullName":"today wire and lifecycle makes boundary-time record actions inert","invocations":1,"location":null,"numPassingAsserts":1,"retryReasons":[],"status":"passed","title":"makes boundary-time record actions inert"},{"ancestorTitles":["tomorrow wire and lifecycle"],"duration":4,"failureDetails":[],"failureMessages":[],"fullName":"tomorrow wire and lifecycle gates missing configuration","invocations":1,"location":null,"numPassingAsserts":2,"retryReasons":[],"status":"passed","title":"gates missing configuration"},{"ancestorTitles":["tomorrow wire and lifecycle"],"duration":1,"failureDetails":[],"failureMessages":[],"fullName":"tomorrow wire and lifecycle renders 0 records with correct compact limits","invocations":1,"location":null,"numPassingAsserts":1,"retryReasons":[],"status":"passed","title":"renders 0 records with correct compact limits"},{"ancestorTitles":["tomorrow wire and lifecycle"],"duration":5,"failureDetails":[],"failureMessages":[],"fullName":"tomorrow wire and lifecycle renders 1 records with correct compact limits","invocations":1,"location":null,"numPassingAsserts":1,"retryReasons":[],"status":"passed","title":"renders 1 records with correct compact limits"},{"ancestorTitles":["tomorrow wire and lifecycle"],"duration":4,"failureDetails":[],"failureMessages":[],"fullName":"tomorrow wire and lifecycle renders 2 records with correct compact limits","invocations":1,"location":null,"numPassingAsserts":1,"retryReasons":[],"status":"passed","title":"renders 2 records with correct compact limits"},{"ancestorTitles":["tomorrow wire and lifecycle"],"duration":5,"failureDetails":[],"failureMessages":[],"fullName":"tomorrow wire and lifecycle renders 3 records with correct compact limits","invocations":1,"location":null,"numPassingAsserts":1,"retryReasons":[],"status":"passed","title":"renders 3 records with correct compact limits"},{"ancestorTitles":["tomorrow wire and lifecycle"],"duration":5,"failureDetails":[],"failureMessages":[],"fullName":"tomorrow wire and lifecycle renders 4 records with correct compact limits","invocations":1,"location":null,"numPassingAsserts":1,"retryReasons":[],"status":"passed","title":"renders 4 records with correct compact limits"},{"ancestorTitles":["tomorrow wire and lifecycle"],"duration":3,"failureDetails":[],"failureMessages":[],"fullName":"tomorrow wire and lifecycle renders 8 records with correct compact limits","invocations":1,"location":null,"numPassingAsserts":1,"retryReasons":[],"status":"passed","title":"renders 8 records with correct compact limits"},{"ancestorTitles":["tomorrow wire and lifecycle"],"duration":6,"failureDetails":[],"failureMessages":[],"fullName":"tomorrow wire and lifecycle treats initial undefined as loading and GraphQL errors as failure, not empty","invocations":1,"location":null,"numPassingAsserts":4,"retryReasons":[],"status":"passed","title":"treats initial undefined as loading and GraphQL errors as failure, not empty"},{"ancestorTitles":["tomorrow wire and lifecycle"],"duration":3,"failureDetails":[],"failureMessages":[],"fullName":"tomorrow wire and lifecycle rejects delayed expired records and cached emissions after expiry without changing cutoff","invocations":1,"location":null,"numPassingAsserts":2,"retryReasons":[],"status":"passed","title":"rejects delayed expired records and cached emissions after expiry without changing cutoff"},{"ancestorTitles":["tomorrow wire and lifecycle"],"duration":4,"failureDetails":[],"failureMessages":[],"fullName":"tomorrow wire and lifecycle prunes on foreground before waiting for refresh","invocations":1,"location":null,"numPassingAsserts":1,"retryReasons":[],"status":"passed","title":"prunes on foreground before waiting for refresh"},{"ancestorTitles":["tomorrow wire and lifecycle"],"duration":2,"failureDetails":[],"failureMessages":[],"fullName":"tomorrow wire and lifecycle cleans timeout and listeners on disconnect","invocations":1,"location":null,"numPassingAsserts":1,"retryReasons":[],"status":"passed","title":"cleans timeout and listeners on disconnect"},{"ancestorTitles":["tomorrow wire and lifecycle"],"duration":6,"failureDetails":[],"failureMessages":[],"fullName":"tomorrow wire and lifecycle refreshes using the v2 callable and replaces collection membership","invocations":1,"location":null,"numPassingAsserts":4,"retryReasons":[],"status":"passed","title":"refreshes using the v2 callable and replaces collection membership"},{"ancestorTitles":["tomorrow wire and lifecycle"],"duration":3,"failureDetails":[],"failureMessages":[],"fullName":"tomorrow wire and lifecycle makes boundary-time record actions inert","invocations":1,"location":null,"numPassingAsserts":1,"retryReasons":[],"status":"passed","title":"makes boundary-time record actions inert"},{"ancestorTitles":["modal wire and lifecycle"],"duration":5,"failureDetails":[],"failureMessages":[],"fullName":"modal wire and lifecycle gates missing configuration","invocations":1,"location":null,"numPassingAsserts":2,"retryReasons":[],"status":"passed","title":"gates missing configuration"},{"ancestorTitles":["modal wire and lifecycle"],"duration":3,"failureDetails":[],"failureMessages":[],"fullName":"modal wire and lifecycle renders 0 records with correct compact limits","invocations":1,"location":null,"numPassingAsserts":1,"retryReasons":[],"status":"passed","title":"renders 0 records with correct compact limits"},{"ancestorTitles":["modal wire and lifecycle"],"duration":8,"failureDetails":[],"failureMessages":[],"fullName":"modal wire and lifecycle renders 1 records with correct compact limits","invocations":1,"location":null,"numPassingAsserts":1,"retryReasons":[],"status":"passed","title":"renders 1 records with correct compact limits"},{"ancestorTitles":["modal wire and lifecycle"],"duration":4,"failureDetails":[],"failureMessages":[],"fullName":"modal wire and lifecycle renders 2 records with correct compact limits","invocations":1,"location":null,"numPassingAsserts":1,"retryReasons":[],"status":"passed","title":"renders 2 records with correct compact limits"},{"ancestorTitles":["modal wire and lifecycle"],"duration":6,"failureDetails":[],"failureMessages":[],"fullName":"modal wire and lifecycle renders 3 records with correct compact limits","invocations":1,"location":null,"numPassingAsserts":1,"retryReasons":[],"status":"passed","title":"renders 3 records with correct compact limits"},{"ancestorTitles":["modal wire and lifecycle"],"duration":6,"failureDetails":[],"failureMessages":[],"fullName":"modal wire and lifecycle renders 4 records with correct compact limits","invocations":1,"location":null,"numPassingAsserts":1,"retryReasons":[],"status":"passed","title":"renders 4 records with correct compact limits"},{"ancestorTitles":["modal wire and lifecycle"],"duration":14,"failureDetails":[],"failureMessages":[],"fullName":"modal wire and lifecycle renders 8 records with correct compact limits","invocations":1,"location":null,"numPassingAsserts":1,"retryReasons":[],"status":"passed","title":"renders 8 records with correct compact limits"},{"ancestorTitles":["modal wire and lifecycle"],"duration":3,"failureDetails":[],"failureMessages":[],"fullName":"modal wire and lifecycle treats initial undefined as loading and GraphQL errors as failure, not empty","invocations":1,"location":null,"numPassingAsserts":4,"retryReasons":[],"status":"passed","title":"treats initial undefined as loading and GraphQL errors as failure, not empty"},{"ancestorTitles":["modal wire and lifecycle"],"duration":5,"failureDetails":[],"failureMessages":[],"fullName":"modal wire and lifecycle rejects delayed expired records and cached emissions after expiry without changing cutoff","invocations":1,"location":null,"numPassingAsserts":2,"retryReasons":[],"status":"passed","title":"rejects delayed expired records and cached emissions after expiry without changing cutoff"},{"ancestorTitles":["modal wire and lifecycle"],"duration":5,"failureDetails":[],"failureMessages":[],"fullName":"modal wire and lifecycle prunes on foreground before waiting for refresh","invocations":1,"location":null,"numPassingAsserts":1,"retryReasons":[],"status":"passed","title":"prunes on foreground before waiting for refresh"},{"ancestorTitles":["modal wire and lifecycle"],"duration":3,"failureDetails":[],"failureMessages":[],"fullName":"modal wire and lifecycle cleans timeout and listeners on disconnect","invocations":1,"location":null,"numPassingAsserts":1,"retryReasons":[],"status":"passed","title":"cleans timeout and listeners on disconnect"},{"ancestorTitles":["modal wire and lifecycle"],"duration":11,"failureDetails":[],"failureMessages":[],"fullName":"modal wire and lifecycle refreshes using the v2 callable and replaces collection membership","invocations":1,"location":null,"numPassingAsserts":4,"retryReasons":[],"status":"passed","title":"refreshes using the v2 callable and replaces collection membership"},{"ancestorTitles":["modal wire and lifecycle"],"duration":5,"failureDetails":[],"failureMessages":[],"fullName":"modal wire and lifecycle makes boundary-time record actions inert","invocations":1,"location":null,"numPassingAsserts":1,"retryReasons":[],"status":"passed","title":"makes boundary-time record actions inert"},{"ancestorTitles":["calendar wire and lifecycle"],"duration":10,"failureDetails":[],"failureMessages":[],"fullName":"calendar wire and lifecycle gates missing configuration","invocations":1,"location":null,"numPassingAsserts":2,"retryReasons":[],"status":"passed","title":"gates missing configuration"},{"ancestorTitles":["calendar wire and lifecycle"],"duration":12,"failureDetails":[],"failureMessages":[],"fullName":"calendar wire and lifecycle renders 0 records with correct compact limits","invocations":1,"location":null,"numPassingAsserts":1,"retryReasons":[],"status":"passed","title":"renders 0 records with correct compact limits"},{"ancestorTitles":["calendar wire and lifecycle"],"duration":16,"failureDetails":[],"failureMessages":[],"fullName":"calendar wire and lifecycle renders 1 records with correct compact limits","invocations":1,"location":null,"numPassingAsserts":1,"retryReasons":[],"status":"passed","title":"renders 1 records with correct compact limits"},{"ancestorTitles":["calendar wire and lifecycle"],"duration":13,"failureDetails":[],"failureMessages":[],"fullName":"calendar wire and lifecycle renders 2 records with correct compact limits","invocations":1,"location":null,"numPassingAsserts":1,"retryReasons":[],"status":"passed","title":"renders 2 records with correct compact limits"},{"ancestorTitles":["calendar wire and lifecycle"],"duration":15,"failureDetails":[],"failureMessages":[],"fullName":"calendar wire and lifecycle renders 3 records with correct compact limits","invocations":1,"location":null,"numPassingAsserts":1,"retryReasons":[],"status":"passed","title":"renders 3 records with correct compact limits"},{"ancestorTitles":["calendar wire and lifecycle"],"duration":11,"failureDetails":[],"failureMessages":[],"fullName":"calendar wire and lifecycle renders 4 records with correct compact limits","invocations":1,"location":null,"numPassingAsserts":1,"retryReasons":[],"status":"passed","title":"renders 4 records with correct compact limits"},{"ancestorTitles":["calendar wire and lifecycle"],"duration":14,"failureDetails":[],"failureMessages":[],"fullName":"calendar wire and lifecycle renders 8 records with correct compact limits","invocations":1,"location":null,"numPassingAsserts":1,"retryReasons":[],"status":"passed","title":"renders 8 records with correct compact limits"},{"ancestorTitles":["calendar wire and lifecycle"],"duration":9,"failureDetails":[],"failureMessages":[],"fullName":"calendar wire and lifecycle treats initial undefined as loading and GraphQL errors as failure, not empty","invocations":1,"location":null,"numPassingAsserts":4,"retryReasons":[],"status":"passed","title":"treats initial undefined as loading and GraphQL errors as failure, not empty"},{"ancestorTitles":["calendar wire and lifecycle"],"duration":15,"failureDetails":[],"failureMessages":[],"fullName":"calendar wire and lifecycle rejects delayed expired records and cached emissions after expiry without changing cutoff","invocations":1,"location":null,"numPassingAsserts":2,"retryReasons":[],"status":"passed","title":"rejects delayed expired records and cached emissions after expiry without changing cutoff"},{"ancestorTitles":["calendar wire and lifecycle"],"duration":13,"failureDetails":[],"failureMessages":[],"fullName":"calendar wire and lifecycle prunes on foreground before waiting for refresh","invocations":1,"location":null,"numPassingAsserts":1,"retryReasons":[],"status":"passed","title":"prunes on foreground before waiting for refresh"},{"ancestorTitles":["calendar wire and lifecycle"],"duration":12,"failureDetails":[],"failureMessages":[],"fullName":"calendar wire and lifecycle cleans timeout and listeners on disconnect","invocations":1,"location":null,"numPassingAsserts":1,"retryReasons":[],"status":"passed","title":"cleans timeout and listeners on disconnect"},{"ancestorTitles":["calendar wire and lifecycle"],"duration":18,"failureDetails":[],"failureMessages":[],"fullName":"calendar wire and lifecycle refreshes using the v2 callable and replaces collection membership","invocations":1,"location":null,"numPassingAsserts":4,"retryReasons":[],"status":"passed","title":"refreshes using the v2 callable and replaces collection membership"},{"ancestorTitles":["calendar wire and lifecycle"],"duration":11,"failureDetails":[],"failureMessages":[],"fullName":"calendar wire and lifecycle makes boundary-time record actions inert","invocations":1,"location":null,"numPassingAsserts":1,"retryReasons":[],"status":"passed","title":"makes boundary-time record actions inert"},{"ancestorTitles":[],"duration":1,"failureDetails":[],"failureMessages":[],"fullName":"today distinguishes repeated-hour offsets","invocations":1,"location":null,"numPassingAsserts":2,"retryReasons":[],"status":"passed","title":"today distinguishes repeated-hour offsets"},{"ancestorTitles":[],"duration":0,"failureDetails":[],"failureMessages":[],"fullName":"tomorrow distinguishes repeated-hour offsets","invocations":1,"location":null,"numPassingAsserts":2,"retryReasons":[],"status":"passed","title":"tomorrow distinguishes repeated-hour offsets"},{"ancestorTitles":[],"duration":0,"failureDetails":[],"failureMessages":[],"fullName":"modal distinguishes repeated-hour offsets","invocations":1,"location":null,"numPassingAsserts":2,"retryReasons":[],"status":"passed","title":"modal distinguishes repeated-hour offsets"},{"ancestorTitles":[],"duration":1,"failureDetails":[],"failureMessages":[],"fullName":"calendar distinguishes repeated-hour offsets","invocations":1,"location":null,"numPassingAsserts":2,"retryReasons":[],"status":"passed","title":"calendar distinguishes repeated-hour offsets"},{"ancestorTitles":["today reported deployment regressions"],"duration":3,"failureDetails":[],"failureMessages":[],"fullName":"today reported deployment regressions retains the actual INVALID_FIELD message without Retry, false empty or incomplete footer","invocations":1,"location":null,"numPassingAsserts":6,"retryReasons":[],"status":"passed","title":"retains the actual INVALID_FIELD message without Retry, false empty or incomplete footer"},{"ancestorTitles":["today reported deployment regressions"],"duration":7,"failureDetails":[],"failureMessages":[],"fullName":"today reported deployment regressions merges starting, continuing and all-day connections even when their cursors match","invocations":1,"location":null,"numPassingAsserts":5,"retryReasons":[],"status":"passed","title":"merges starting, continuing and all-day connections even when their cursors match"},{"ancestorTitles":["today reported deployment regressions"],"duration":2,"failureDetails":[],"failureMessages":[],"fullName":"today reported deployment regressions keeps query cutoff fixed and counts incomplete until all three independent operations finish","invocations":1,"location":null,"numPassingAsserts":6,"retryReasons":[],"status":"passed","title":"keeps query cutoff fixed and counts incomplete until all three independent operations finish"},{"ancestorTitles":["tomorrow reported deployment regressions"],"duration":7,"failureDetails":[],"failureMessages":[],"fullName":"tomorrow reported deployment regressions retains the actual INVALID_FIELD message without Retry, false empty or incomplete footer","invocations":1,"location":null,"numPassingAsserts":6,"retryReasons":[],"status":"passed","title":"retains the actual INVALID_FIELD message without Retry, false empty or incomplete footer"},{"ancestorTitles":["tomorrow reported deployment regressions"],"duration":7,"failureDetails":[],"failureMessages":[],"fullName":"tomorrow reported deployment regressions merges starting, continuing and all-day connections even when their cursors match","invocations":1,"location":null,"numPassingAsserts":5,"retryReasons":[],"status":"passed","title":"merges starting, continuing and all-day connections even when their cursors match"},{"ancestorTitles":["tomorrow reported deployment regressions"],"duration":2,"failureDetails":[],"failureMessages":[],"fullName":"tomorrow reported deployment regressions keeps query cutoff fixed and counts incomplete until all three independent operations finish","invocations":1,"location":null,"numPassingAsserts":6,"retryReasons":[],"status":"passed","title":"keeps query cutoff fixed and counts incomplete until all three independent operations finish"},{"ancestorTitles":["modal reported deployment regressions"],"duration":3,"failureDetails":[],"failureMessages":[],"fullName":"modal reported deployment regressions retains the actual INVALID_FIELD message without Retry, false empty or incomplete footer","invocations":1,"location":null,"numPassingAsserts":6,"retryReasons":[],"status":"passed","title":"retains the actual INVALID_FIELD message without Retry, false empty or incomplete footer"},{"ancestorTitles":["modal reported deployment regressions"],"duration":7,"failureDetails":[],"failureMessages":[],"fullName":"modal reported deployment regressions merges starting, continuing and all-day connections even when their cursors match","invocations":1,"location":null,"numPassingAsserts":5,"retryReasons":[],"status":"passed","title":"merges starting, continuing and all-day connections even when their cursors match"},{"ancestorTitles":["modal reported deployment regressions"],"duration":3,"failureDetails":[],"failureMessages":[],"fullName":"modal reported deployment regressions keeps query cutoff fixed and counts incomplete until all three independent operations finish","invocations":1,"location":null,"numPassingAsserts":6,"retryReasons":[],"status":"passed","title":"keeps query cutoff fixed and counts incomplete until all three independent operations finish"},{"ancestorTitles":["calendar reported deployment regressions"],"duration":11,"failureDetails":[],"failureMessages":[],"fullName":"calendar reported deployment regressions retains the actual INVALID_FIELD message without Retry, false empty or incomplete footer","invocations":1,"location":null,"numPassingAsserts":6,"retryReasons":[],"status":"passed","title":"retains the actual INVALID_FIELD message without Retry, false empty or incomplete footer"},{"ancestorTitles":["calendar reported deployment regressions"],"duration":17,"failureDetails":[],"failureMessages":[],"fullName":"calendar reported deployment regressions merges starting, continuing and all-day connections even when their cursors match","invocations":1,"location":null,"numPassingAsserts":5,"retryReasons":[],"status":"passed","title":"merges starting, continuing and all-day connections even when their cursors match"},{"ancestorTitles":["calendar reported deployment regressions"],"duration":12,"failureDetails":[],"failureMessages":[],"fullName":"calendar reported deployment regressions keeps query cutoff fixed and counts incomplete until all three independent operations finish","invocations":1,"location":null,"numPassingAsserts":6,"retryReasons":[],"status":"passed","title":"keeps query cutoff fixed and counts incomplete until all three independent operations finish"}],"endTime":1790130915944,"message":"","name":"/Users/arunkumar/Gartner MyMeeting/force-app/main/default/lwc/homepageTodaysMeeting/__tests__/parity.test.js","startTime":1790130915339,"status":"passed","summary":""},{"assertionResults":[{"ancestorTitles":[],"duration":1,"failureDetails":[],"failureMessages":[],"fullName":"always has six full month rows and includes adjacent dates","invocations":1,"location":null,"numPassingAsserts":3,"retryReasons":[],"status":"passed","title":"always has six full month rows and includes adjacent dates"},{"ancestorTitles":[],"duration":0,"failureDetails":[],"failureMessages":[],"fullName":"lays out overlapping records in separate columns","invocations":1,"location":null,"numPassingAsserts":3,"retryReasons":[],"status":"passed","title":"lays out overlapping records in separate columns"},{"ancestorTitles":[],"duration":17,"failureDetails":[],"failureMessages":[],"fullName":"supports grid keyboard selection and emits selected date","invocations":1,"location":null,"numPassingAsserts":2,"retryReasons":[],"status":"passed","title":"supports grid keyboard selection and emits selected date"},{"ancestorTitles":[],"duration":34,"failureDetails":[],"failureMessages":[],"fullName":"exposes all 24 hours and detail; narrow regions switch to agenda","invocations":1,"location":null,"numPassingAsserts":5,"retryReasons":[],"status":"passed","title":"exposes all 24 hours and detail; narrow regions switch to agenda"},{"ancestorTitles":[],"duration":13,"failureDetails":[],"failureMessages":[],"fullName":"rejects an out-of-range late emission after navigation","invocations":1,"location":null,"numPassingAsserts":1,"retryReasons":[],"status":"passed","title":"rejects an out-of-range late emission after navigation"}],"endTime":1790130916039,"message":"","name":"/Users/arunkumar/Gartner MyMeeting/force-app/main/default/lwc/homepageCalendarMeetings/__tests__/calendar.test.js","startTime":1790130915949,"status":"passed","summary":""},{"assertionResults":[{"ancestorTitles":[],"duration":10,"failureDetails":[],"failureMessages":[],"fullName":"resolves both labels without checking create availability; mounts only the active tab","invocations":1,"location":null,"numPassingAsserts":4,"retryReasons":[],"status":"passed","title":"resolves both labels without checking create availability; mounts only the active tab"},{"ancestorTitles":[],"duration":4,"failureDetails":[],"failureMessages":[],"fullName":"unmounts before modal open, restores source and focus after failed opening","invocations":1,"location":null,"numPassingAsserts":4,"retryReasons":[],"status":"passed","title":"unmounts before modal open, restores source and focus after failed opening"},{"ancestorTitles":[],"duration":3,"failureDetails":[],"failureMessages":[],"fullName":"recovers after Escape/undefined modal close result","invocations":1,"location":null,"numPassingAsserts":1,"retryReasons":[],"status":"passed","title":"recovers after Escape/undefined modal close result"},{"ancestorTitles":[],"duration":2,"failureDetails":[],"failureMessages":[],"fullName":"shows missing metadata as setup failure with no meeting query","invocations":1,"location":null,"numPassingAsserts":2,"retryReasons":[],"status":"passed","title":"shows missing metadata as setup failure with no meeting query"},{"ancestorTitles":[],"duration":14,"failureDetails":[],"failureMessages":[],"fullName":"clears inactive badges","invocations":1,"location":null,"numPassingAsserts":2,"retryReasons":[],"status":"passed","title":"clears inactive badges"}],"endTime":1790130916110,"message":"","name":"/Users/arunkumar/Gartner MyMeeting/force-app/main/default/lwc/homepageMyMeetings/__tests__/parent.test.js","startTime":1790130916044,"status":"passed","summary":""},{"assertionResults":[{"ancestorTitles":[],"duration":1,"failureDetails":[],"failureMessages":[],"fullName":"constructs America/New_York 2026-03-08 civil midnights","invocations":1,"location":null,"numPassingAsserts":3,"retryReasons":[],"status":"passed","title":"constructs America/New_York 2026-03-08 civil midnights"},{"ancestorTitles":[],"duration":0,"failureDetails":[],"failureMessages":[],"fullName":"constructs America/New_York 2026-11-01 civil midnights","invocations":1,"location":null,"numPassingAsserts":3,"retryReasons":[],"status":"passed","title":"constructs America/New_York 2026-11-01 civil midnights"},{"ancestorTitles":[],"duration":0,"failureDetails":[],"failureMessages":[],"fullName":"constructs Asia/Kolkata 2026-09-22 civil midnights","invocations":1,"location":null,"numPassingAsserts":3,"retryReasons":[],"status":"passed","title":"constructs Asia/Kolkata 2026-09-22 civil midnights"},{"ancestorTitles":[],"duration":1,"failureDetails":[],"failureMessages":[],"fullName":"constructs Asia/Kathmandu 2026-09-22 civil midnights","invocations":1,"location":null,"numPassingAsserts":3,"retryReasons":[],"status":"passed","title":"constructs Asia/Kathmandu 2026-09-22 civil midnights"},{"ancestorTitles":[],"duration":0,"failureDetails":[],"failureMessages":[],"fullName":"constructs Australia/Lord_Howe 2026-10-04 civil midnights","invocations":1,"location":null,"numPassingAsserts":3,"retryReasons":[],"status":"passed","title":"constructs Australia/Lord_Howe 2026-10-04 civil midnights"},{"ancestorTitles":[],"duration":1,"failureDetails":[],"failureMessages":[],"fullName":"enforces exact expiry, eligibility and card promotion","invocations":1,"location":null,"numPassingAsserts":6,"retryReasons":[],"status":"passed","title":"enforces exact expiry, eligibility and card promotion"},{"ancestorTitles":[],"duration":12,"failureDetails":[],"failureMessages":[],"fullName":"expires at equality without advancing wire cutoff, promotes fourth and cleans timers","invocations":1,"location":null,"numPassingAsserts":5,"retryReasons":[],"status":"passed","title":"expires at equality without advancing wire cutoff, promotes fourth and cleans timers"},{"ancestorTitles":[],"duration":6,"failureDetails":[],"failureMessages":[],"fullName":"does not show incomplete page size as an exact count; deduplicates emissions","invocations":1,"location":null,"numPassingAsserts":2,"retryReasons":[],"status":"passed","title":"does not show incomplete page size as an exact count; deduplicates emissions"},{"ancestorTitles":[],"duration":0,"failureDetails":[],"failureMessages":[],"fullName":"clamps card settings and prioritizes all-day, then in-progress, then earliest upcoming","invocations":1,"location":null,"numPassingAsserts":3,"retryReasons":[],"status":"passed","title":"clamps card settings and prioritizes all-day, then in-progress, then earliest upcoming"}],"endTime":1790130916161,"message":"","name":"/Users/arunkumar/Gartner MyMeeting/force-app/main/default/lwc/homepageTodaysMeeting/__tests__/today.test.js","startTime":1790130916115,"status":"passed","summary":""}],"wasInterrupted":false}
